<?xml version="1.0" encoding="UTF-8"?><testsuite errors="0" failures="0" name="com.bestbuy.bestbuyinfo.CategoryCRUDTestWithSteps" skipped="0" tests="4" time="0.56" timestamp="2023-03-04T14:07:41.315Z[Europe/London]"><testcase classname="com.bestbuy.bestbuyinfo.CategoryCRUDTestWithSteps" name="This will create a new category"/><testcase classname="com.bestbuy.bestbuyinfo.CategoryCRUDTestWithSteps" name="Verify if category is created"/><testcase classname="com.bestbuy.bestbuyinfo.CategoryCRUDTestWithSteps" name="Update the user information"/><testcase classname="com.bestbuy.bestbuyinfo.CategoryCRUDTestWithSteps" name="Delete category info by categoryID and verify it's deleted or not"/></testsuite>