<?xml version="1.0" encoding="UTF-8"?><testsuite errors="0" failures="0" name="com.bestbuy.bestbuyinfo.CategoryCRUDTest" skipped="0" tests="4" time="1.48" timestamp="2023-03-04T14:07:37.999Z[Europe/London]"><testcase classname="com.bestbuy.bestbuyinfo.CategoryCRUDTest" name="Create a new Category"/><testcase classname="com.bestbuy.bestbuyinfo.CategoryCRUDTest" name="Verify if Category was created"/><testcase classname="com.bestbuy.bestbuyinfo.CategoryCRUDTest" name="Update the Category and verify the updated information"/><testcase classname="com.bestbuy.bestbuyinfo.CategoryCRUDTest" name="Delete product Data"/></testsuite>