<?xml version="1.0" encoding="UTF-8"?><testsuite errors="0" failures="0" name="com.bestbuy.bestbuyinfo.ServiceCRUDTest" skipped="0" tests="4" time="0.46" timestamp="2023-03-04T14:07:37.433Z[Europe/London]"><testcase classname="com.bestbuy.bestbuyinfo.ServiceCRUDTest" name="Create a new Category"/><testcase classname="com.bestbuy.bestbuyinfo.ServiceCRUDTest" name="Verify if Category was created"/><testcase classname="com.bestbuy.bestbuyinfo.ServiceCRUDTest" name="Update the Category and verify the updated information"/><testcase classname="com.bestbuy.bestbuyinfo.ServiceCRUDTest" name="Delete product Data"/></testsuite>