<?xml version="1.0" encoding="UTF-8"?><testsuite errors="1" failures="0" name="com.bestbuy.bestbuyinfo.CategoriesCRUDTest" skipped="0" tests="1" time="2.34" timestamp="2023-03-04T12:39:36.891Z[Europe/London]"><testcase classname="com.bestbuy.bestbuyinfo.CategoriesCRUDTest" name="Delete product Data"><error message="firstParameterValue cannot be null" type="java.lang.IllegalArgumentException">firstParameterValue cannot be null</error><system-err>firstParameterValue cannot be null&#13;
io.restassured.internal.assertion.AssertParameter.notNull(AssertParameter.groovy:26)&#13;
io.restassured.internal.RequestSpecificationImpl.pathParameters(RequestSpecificationImpl.groovy:567)&#13;
groovy.lang.MetaMethod.doMethodInvoke(MetaMethod.java:325)&#13;
groovy.lang.MetaClassImpl.invokeMethod(MetaClassImpl.java:1213)&#13;
groovy.lang.MetaClassImpl.invokeMethod(MetaClassImpl.java:1022)&#13;
groovy.lang.MetaClassImpl.invokeMethod(MetaClassImpl.java:810)&#13;
io.restassured.internal.RequestSpecificationImpl.invokeMethod(RequestSpecificationImpl.groovy)&#13;
io.restassured.internal.RequestSpecificationImpl.pathParams(RequestSpecificationImpl.groovy:582)&#13;
net.serenitybdd.rest.decorators.request.RequestSpecificationParametersConfigurations.pathParams(RequestSpecificationParametersConfigurations.java:194)&#13;
net.serenitybdd.rest.decorators.request.RequestSpecificationDecorated.pathParams(RequestSpecificationDecorated.java:27)&#13;
com.bestbuy.bestbuyinfo.CategoriesCRUDTest.test004(CategoriesCRUDTest.java:95)&#13;
</system-err></testcase></testsuite>