<?xml version="1.0" encoding="UTF-8"?><testsuite errors="0" failures="0" name="com.bestbuy.bestbuyinfo.ServiceCRUDTestWithSteps" skipped="0" tests="4" time="0.28" timestamp="2023-03-04T14:07:40.970Z[Europe/London]"><testcase classname="com.bestbuy.bestbuyinfo.ServiceCRUDTestWithSteps" name="This will create a new service"/><testcase classname="com.bestbuy.bestbuyinfo.ServiceCRUDTestWithSteps" name="Verify if service is created"/><testcase classname="com.bestbuy.bestbuyinfo.ServiceCRUDTestWithSteps" name="Update the user information"/><testcase classname="com.bestbuy.bestbuyinfo.ServiceCRUDTestWithSteps" name="Delete category info by categoryID and verify it's deleted or not"/></testsuite>